{"name": "test_get_record", "status": "failed", "statusDetails": {"message": "AssertionError: The sataus code is wrong", "trace": "self = <tests.test.crud.test_crud.TestCrud object at 0x00000264162FC6A0>\nget_booking_id = 1564\n\n    def test_get_record(self,get_booking_id):\n        booking_id=get_booking_id\n        url=APIConstants.url_get_search(booking_id=booking_id)\n        response=get_request(url=url,auth=None)\n    \n>       verify_http_status_code(response,200)\n\ntest_crud.py:51: \n_ _ _ _ _ _ _ _ _ _ _ _ _ _ _ _ _ _ _ _ _ _ _ _ _ _ _ _ _ _ _ _ _ _ _ _ _ _ _ _\n\nresponse_data = {'additionalneeds': 'Breakfast', 'bookingdates': {'checkin': '2009-10-02', 'checkout': '1976-07-03'}, 'depositpaid': True, 'firstname': 'Andrew', ...}\nexpected_data = 200\n\n    def verify_http_status_code(response_data, expected_data):\n>       assert response_data == expected_data ,\"The sataus code is wrong\"\nE       AssertionError: The sataus code is wrong\n\n..\\..\\..\\src\\helpers\\common_verification.py:2: AssertionError"}, "start": 1730115236641, "stop": 1730115237886, "uuid": "20c8c223-3311-4e41-b9cb-e82ae11fe6ad", "historyId": "6407ee2c92658c759a908696ec8b1c02", "testCaseId": "a97a0954cbddcda4dd989c232a4b2145", "fullName": "tests.test.crud.test_crud.TestCrud#test_get_record", "labels": [{"name": "parentSuite", "value": "tests.test.crud"}, {"name": "suite", "value": "test_crud"}, {"name": "subSuite", "value": "TestCrud"}, {"name": "host", "value": "LAPTOP-J82A4UMN"}, {"name": "thread", "value": "14768-MainThread"}, {"name": "framework", "value": "pytest"}, {"name": "language", "value": "cpython3"}, {"name": "package", "value": "tests.test.crud.test_crud"}]}